<?xml version="1.0" encoding="UTF-8"?>
<!-- Generated by org.testng.reporters.JUnitReportReporter -->
<testsuite skipped="0" hostname="DESKTOP-QNVRCLN" name="baseTest.GetAPITest" tests="1" failures="0" timestamp="2021-12-07T22:20:19 IST" time="2.201" errors="0">
  <testcase name="GetapiTest" time="2.201" classname="baseTest.GetAPITest"/>
</testsuite> <!-- baseTest.GetAPITest -->
