<?xml version="1.0" encoding="UTF-8"?>
<!-- Generated by org.testng.reporters.JUnitReportReporter -->
<testsuite skipped="0" hostname="DESKTOP-QNVRCLN" name="com.PostRequestAutomation" tests="1" failures="0" timestamp="2021-10-28T22:58:31 IST" time="1.937" errors="0">
  <testcase name="PostRequest" time="1.937" classname="com.PostRequestAutomation"/>
  <system-out/>
</testsuite> <!-- com.PostRequestAutomation -->
