<?xml version="1.0" encoding="UTF-8"?>
<!-- Generated by org.testng.reporters.JUnitReportReporter -->
<testsuite skipped="0" hostname="DESKTOP-QNVRCLN" name="baseTest.UtilTest" tests="1" failures="0" timestamp="2021-12-06T15:56:20 IST" time="0.016" errors="0">
  <testcase name="basetest" time="0.016" classname="baseTest.UtilTest"/>
</testsuite> <!-- baseTest.UtilTest -->
