<?xml version="1.0" encoding="UTF-8"?>
<!-- Generated by org.testng.reporters.JUnitReportReporter -->
<testsuite skipped="0" hostname="DESKTOP-QNVRCLN" name="baseTest.PostAPITest" tests="1" failures="0" timestamp="2021-12-07T23:19:32 IST" time="1.680" errors="0">
  <testcase name="validpostRequest" time="1.680" classname="baseTest.PostAPITest"/>
</testsuite> <!-- baseTest.PostAPITest -->
