<?xml version="1.0" encoding="UTF-8"?>
<!-- Generated by org.testng.reporters.JUnitReportReporter -->
<testsuite skipped="0" hostname="DESKTOP-QNVRCLN" name="ReadJson" tests="1" failures="0" timestamp="2021-12-08T23:28:38 IST" time="25.554" errors="0">
  <testcase name="Readjson" time="25.554" classname="ReadJson"/>
</testsuite> <!-- ReadJson -->
