<?xml version="1.0" encoding="UTF-8"?>
<!-- Generated by org.testng.reporters.JUnitReportReporter -->
<testsuite skipped="0" hostname="DESKTOP-QNVRCLN" name="com.GetReqest" tests="1" failures="0" timestamp="2021-10-28T22:11:11 IST" time="2.361" errors="0">
  <testcase name="GetRequestAutomation" time="2.361" classname="com.GetReqest"/>
  <system-out/>
</testsuite> <!-- com.GetReqest -->
