<?xml version="1.0" encoding="UTF-8"?>
<!-- Generated by org.testng.reporters.JUnitReportReporter -->
<testsuite skipped="0" hostname="DESKTOP-QNVRCLN" name="apiBuilders.DuplicateChar" tests="1" failures="0" timestamp="2021-12-08T17:12:24 IST" time="0.012" errors="0">
  <testcase name="duplicateNumber" time="0.012" classname="apiBuilders.DuplicateChar"/>
</testsuite> <!-- apiBuilders.DuplicateChar -->
